{"C:\\Users\\Shikhar Gupta\\OneDrive\\Desktop\\Swiggy Clone\\src\\components\\ContactUs.js": {"path":"C:\\Users\\Shikhar Gupta\\OneDrive\\Desktop\\Swiggy Clone\\src\\components\\ContactUs.js","statementMap":{"0":{"start":{"line":1,"column":18},"end":{"line":89,"column":1}},"1":{"start":{"line":2,"column":4},"end":{"line":88,"column":6}}},"fnMap":{"0":{"name":"(anonymous_0)","decl":{"start":{"line":1,"column":18},"end":{"line":1,"column":19}},"loc":{"start":{"line":1,"column":24},"end":{"line":89,"column":1}},"line":1}},"branchMap":{},"s":{"0":1,"1":2},"f":{"0":2},"b":{},"_coverageSchema":"1a1c01bbd47fc00a2c39e90264f33305004495a9","hash":"e1968258bb7ac62d1dead98ec66ca1b48a4a3ad1"}
,"C:\\Users\\Shikhar Gupta\\OneDrive\\Desktop\\Swiggy Clone\\src\\components\\Header.js": {"path":"C:\\Users\\Shikhar Gupta\\OneDrive\\Desktop\\Swiggy Clone\\src\\components\\Header.js","statementMap":{"0":{"start":{"line":9,"column":15},"end":{"line":87,"column":3}},"1":{"start":{"line":10,"column":44},"end":{"line":10,"column":61}},"2":{"start":{"line":12,"column":27},"end":{"line":12,"column":50}},"3":{"start":{"line":15,"column":22},"end":{"line":15,"column":62}},"4":{"start":{"line":15,"column":45},"end":{"line":15,"column":61}},"5":{"start":{"line":17,"column":4},"end":{"line":86,"column":6}},"6":{"start":{"line":77,"column":14},"end":{"line":77,"column":77}}},"fnMap":{"0":{"name":"(anonymous_0)","decl":{"start":{"line":9,"column":15},"end":{"line":9,"column":16}},"loc":{"start":{"line":9,"column":21},"end":{"line":87,"column":3}},"line":9},"1":{"name":"(anonymous_1)","decl":{"start":{"line":15,"column":34},"end":{"line":15,"column":35}},"loc":{"start":{"line":15,"column":45},"end":{"line":15,"column":61}},"line":15},"2":{"name":"(anonymous_2)","decl":{"start":{"line":76,"column":21},"end":{"line":76,"column":22}},"loc":{"start":{"line":76,"column":27},"end":{"line":78,"column":13}},"line":76}},"branchMap":{"0":{"loc":{"start":{"line":77,"column":30},"end":{"line":77,"column":75}},"type":"cond-expr","locations":[{"start":{"line":77,"column":57},"end":{"line":77,"column":65}},{"start":{"line":77,"column":68},"end":{"line":77,"column":75}}],"line":77}},"s":{"0":1,"1":5,"2":5,"3":5,"4":9,"5":5,"6":1},"f":{"0":5,"1":9,"2":1},"b":{"0":[1,0]},"_coverageSchema":"1a1c01bbd47fc00a2c39e90264f33305004495a9","hash":"0a6e5ff8d983085d4d47a8a0e2d750b057bdc94b"}
,"C:\\Users\\Shikhar Gupta\\OneDrive\\Desktop\\Swiggy Clone\\src\\components\\RestaurantCard.js": {"path":"C:\\Users\\Shikhar Gupta\\OneDrive\\Desktop\\Swiggy Clone\\src\\components\\RestaurantCard.js","statementMap":{"0":{"start":{"line":3,"column":23},"end":{"line":41,"column":1}},"1":{"start":{"line":4,"column":22},"end":{"line":4,"column":27}},"2":{"start":{"line":6,"column":2},"end":{"line":6,"column":23}},"3":{"start":{"line":15,"column":6},"end":{"line":15,"column":18}},"4":{"start":{"line":17,"column":2},"end":{"line":40,"column":4}}},"fnMap":{"0":{"name":"(anonymous_0)","decl":{"start":{"line":3,"column":23},"end":{"line":3,"column":24}},"loc":{"start":{"line":3,"column":34},"end":{"line":41,"column":1}},"line":3}},"branchMap":{},"s":{"0":1,"1":1,"2":1,"3":1,"4":1},"f":{"0":1},"b":{},"_coverageSchema":"1a1c01bbd47fc00a2c39e90264f33305004495a9","hash":"236479c777de028675771f4f2e3d0f178064cd6c"}
,"C:\\Users\\Shikhar Gupta\\OneDrive\\Desktop\\Swiggy Clone\\src\\components\\sum.js": {"path":"C:\\Users\\Shikhar Gupta\\OneDrive\\Desktop\\Swiggy Clone\\src\\components\\sum.js","statementMap":{"0":{"start":{"line":1,"column":19},"end":{"line":3,"column":1}},"1":{"start":{"line":2,"column":4},"end":{"line":2,"column":17}}},"fnMap":{"0":{"name":"(anonymous_0)","decl":{"start":{"line":1,"column":19},"end":{"line":1,"column":20}},"loc":{"start":{"line":1,"column":28},"end":{"line":3,"column":1}},"line":1}},"branchMap":{},"s":{"0":1,"1":1},"f":{"0":1},"b":{},"_coverageSchema":"1a1c01bbd47fc00a2c39e90264f33305004495a9","hash":"ece9ec87655e65f8ccb227ce49245c2fabf4af35"}
,"C:\\Users\\Shikhar Gupta\\OneDrive\\Desktop\\Swiggy Clone\\src\\utils\\UserContext.js": {"path":"C:\\Users\\Shikhar Gupta\\OneDrive\\Desktop\\Swiggy Clone\\src\\utils\\UserContext.js","statementMap":{"0":{"start":{"line":3,"column":20},"end":{"line":5,"column":2}}},"fnMap":{},"branchMap":{},"s":{"0":1},"f":{},"b":{},"_coverageSchema":"1a1c01bbd47fc00a2c39e90264f33305004495a9","hash":"f4fdcc6171669e101d5724deaf9f0b6f1aaae73a"}
,"C:\\Users\\Shikhar Gupta\\OneDrive\\Desktop\\Swiggy Clone\\src\\utils\\appStore.js": {"path":"C:\\Users\\Shikhar Gupta\\OneDrive\\Desktop\\Swiggy Clone\\src\\utils\\appStore.js","statementMap":{"0":{"start":{"line":4,"column":17},"end":{"line":8,"column":2}}},"fnMap":{},"branchMap":{},"s":{"0":1},"f":{},"b":{},"_coverageSchema":"1a1c01bbd47fc00a2c39e90264f33305004495a9","hash":"0f63bca49adf12b3cf715d0036ededec89ccb6c5"}
,"C:\\Users\\Shikhar Gupta\\OneDrive\\Desktop\\Swiggy Clone\\src\\utils\\cartSlice.js": {"path":"C:\\Users\\Shikhar Gupta\\OneDrive\\Desktop\\Swiggy Clone\\src\\utils\\cartSlice.js","statementMap":{"0":{"start":{"line":3,"column":18},"end":{"line":28,"column":2}},"1":{"start":{"line":19,"column":12},"end":{"line":19,"column":45}},"2":{"start":{"line":22,"column":12},"end":{"line":22,"column":30}},"3":{"start":{"line":25,"column":12},"end":{"line":25,"column":35}},"4":{"start":{"line":30,"column":49},"end":{"line":30,"column":66}}},"fnMap":{"0":{"name":"(anonymous_0)","decl":{"start":{"line":18,"column":16},"end":{"line":18,"column":17}},"loc":{"start":{"line":18,"column":34},"end":{"line":20,"column":9}},"line":18},"1":{"name":"(anonymous_1)","decl":{"start":{"line":21,"column":20},"end":{"line":21,"column":21}},"loc":{"start":{"line":21,"column":31},"end":{"line":23,"column":9}},"line":21},"2":{"name":"(anonymous_2)","decl":{"start":{"line":24,"column":19},"end":{"line":24,"column":20}},"loc":{"start":{"line":24,"column":30},"end":{"line":26,"column":9}},"line":24}},"branchMap":{},"s":{"0":1,"1":0,"2":0,"3":0,"4":1},"f":{"0":0,"1":0,"2":0},"b":{},"_coverageSchema":"1a1c01bbd47fc00a2c39e90264f33305004495a9","hash":"f87fbb160bc334aed7146a2f832cdd459cf4ab04"}
,"C:\\Users\\Shikhar Gupta\\OneDrive\\Desktop\\Swiggy Clone\\src\\utils\\constants.js": {"path":"C:\\Users\\Shikhar Gupta\\OneDrive\\Desktop\\Swiggy Clone\\src\\utils\\constants.js","statementMap":{"0":{"start":{"line":1,"column":23},"end":{"line":1,"column":106}},"1":{"start":{"line":3,"column":24},"end":{"line":3,"column":147}},"2":{"start":{"line":5,"column":24},"end":{"line":5,"column":147}}},"fnMap":{},"branchMap":{},"s":{"0":2,"1":2,"2":2},"f":{},"b":{},"_coverageSchema":"1a1c01bbd47fc00a2c39e90264f33305004495a9","hash":"17415b3fd696054207c3138676f97779cf1a22f2"}
}
